Choosing from all possible events
/home/wjx/anaconda3/envs/eeg/lib/python3.9/site-packages/moabb/datasets/preprocessing.py:278: UserWarning: warnEpochs <Epochs | 120 events (all good), 3 – 7 s (baseline off), ~2.8 MB, data loaded,
 'left_hand': 60
 'right_hand': 60>
  warn(f"warnEpochs {epochs}")
/home/wjx/anaconda3/envs/eeg/lib/python3.9/site-packages/moabb/datasets/preprocessing.py:278: UserWarning: warnEpochs <Epochs | 120 events (all good), 3 – 7 s (baseline off), ~2.8 MB, data loaded,
 'left_hand': 60
 'right_hand': 60>
  warn(f"warnEpochs {epochs}")
/home/wjx/anaconda3/envs/eeg/lib/python3.9/site-packages/moabb/datasets/preprocessing.py:278: UserWarning: warnEpochs <Epochs | 160 events (all good), 3 – 7 s (baseline off), ~3.7 MB, data loaded,
 'left_hand': 80
 'right_hand': 80>
  warn(f"warnEpochs {epochs}")
/home/wjx/anaconda3/envs/eeg/lib/python3.9/site-packages/moabb/datasets/preprocessing.py:278: UserWarning: warnEpochs <Epochs | 160 events (all good), 3 – 7 s (baseline off), ~3.7 MB, data loaded,
 'left_hand': 80
 'right_hand': 80>
  warn(f"warnEpochs {epochs}")
/home/wjx/anaconda3/envs/eeg/lib/python3.9/site-packages/moabb/datasets/preprocessing.py:278: UserWarning: warnEpochs <Epochs | 160 events (all good), 3 – 7 s (baseline off), ~3.7 MB, data loaded,
 'left_hand': 80
 'right_hand': 80>
  warn(f"warnEpochs {epochs}")
/home/wjx/anaconda3/envs/eeg/lib/python3.9/site-packages/moabb/paradigms/base.py:350: RuntimeWarning: Concatenation of Annotations within Epochs is not supported yet. All annotations will be dropped.
  X = mne.concatenate_epochs(X)
fatal: 不是 git 仓库（或者任何父目录）：.git

Adding metadata with 3 columns
Adding metadata with 3 columns
Adding metadata with 3 columns
Adding metadata with 3 columns
Adding metadata with 3 columns
Adding metadata with 3 columns
720 matching events found
No baseline correction applied
[prepare] subject=01 -> data/processed/iv2b_f8-30_t0-4_w0.5_s0.25_bp3/subj01
[prepare] done
[train] done -> runs/iv2b_stop_ann_ppo
Computing rank from data with rank=None
    Using tolerance 1.2e-06 (2.2e-16 eps * 3 dim * 1.8e+09  max singular value)
    Estimated rank (data): 3
    data: rank 3 computed from 3 data channels with 0 projectors
Reducing data rank from 3 -> 3
Estimating class=0 covariance using EMPIRICAL
Done.
Estimating class=1 covariance using EMPIRICAL
Done.
[eval] wrote runs/iv2b_stop_ann_ppo/eval/metrics_per_subject.csv

